   Compiling cfg-if v1.0.4
   Compiling bitflags v2.11.0
   Compiling critical-section v1.2.0
   Compiling libc v0.2.182
   Compiling portable-atomic v1.13.1
   Compiling log v0.4.29
   Compiling smallvec v1.15.1
   Compiling pin-project-lite v0.2.17
   Compiling rustix v1.1.4
   Compiling linux-raw-sys v0.12.1
   Compiling libloading v0.8.9
   Compiling libm v0.2.16
   Compiling dlib v0.5.3
   Compiling slab v0.4.12
   Compiling futures-core v0.3.32
   Compiling bytemuck v1.25.0
   Compiling wayland-sys v0.31.8
   Compiling wayland-backend v0.3.12
   Compiling downcast-rs v1.2.1
   Compiling scoped-tls v1.0.1
   Compiling wayland-client v0.31.12
   Compiling futures-io v0.3.32
   Compiling once_cell v1.21.3
   Compiling scopeguard v1.2.0
   Compiling memchr v2.8.0
   Compiling tracing-core v0.1.36
   Compiling arrayvec v0.7.6
   Compiling futures-sink v0.3.32
   Compiling tracing v0.1.44
   Compiling simd-adler32 v0.3.8
   Compiling memmap2 v0.9.10
   Compiling crc32fast v1.5.0
   Compiling crossbeam-utils v0.8.21
   Compiling num-traits v0.2.19
   Compiling core_maths v0.1.1
   Compiling thiserror v1.0.69
   Compiling adler2 v2.0.1
   Compiling serde_core v1.0.228
   Compiling miniz_oxide v0.8.9
   Compiling ttf-parser v0.25.1
   Compiling errno v0.3.14
   Compiling parking v2.2.1
   Compiling signal-hook-registry v1.4.8
   Compiling flate2 v1.1.9
   Compiling concurrent-queue v2.5.0
   Compiling fdeflate v0.3.7
   Compiling futures-channel v0.3.32
   Compiling font-types v0.10.1
   Compiling float-cmp v0.9.0
   Compiling bytes v1.11.1
   Compiling equivalent v1.0.2
   Compiling itoa v1.0.17
   Compiling allocator-api2 v0.2.21
   Compiling read-fonts v0.35.0
   Compiling zerocopy v0.8.40
   Compiling strict-num v0.1.1
   Compiling lock_api v0.4.14
   Compiling fastrand v2.3.0
   Compiling xkeysym v0.2.1
   Compiling arrayref v0.3.9
   Compiling tiny-skia-path v0.11.4
   Compiling serde v1.0.228
   Compiling futures-task v0.3.32
   Compiling bitflags v1.3.2
   Compiling foldhash v0.2.0
   Compiling parking_lot_core v0.9.12
   Compiling hashbrown v0.16.1
   Compiling polling v3.11.0
   Compiling thiserror v2.0.18
   Compiling png v0.17.16
   Compiling futures-util v0.3.32
   Compiling wayland-protocols v0.32.10
   Compiling yeslogic-fontconfig-sys v6.0.0
   Compiling memoffset v0.9.1
   Compiling slotmap v1.1.1
   Compiling event-listener v5.4.1
   Compiling euclid v0.22.13
   Compiling tinystr v0.8.2
   Compiling proc-macro2 v1.0.106
   Compiling writeable v0.6.2
   Compiling xcursor v0.3.10
   Compiling litemap v0.8.1
   Compiling tinyvec_macros v0.1.1
   Compiling unicode-ident v1.0.24
   Compiling cursor-icon v1.2.0
   Compiling rustix v0.38.44
   Compiling wayland-csd-frame v0.3.0
   Compiling icu_locale_core v2.1.1
   Compiling lyon_geom v1.0.18
   Compiling typenum v1.19.0
   Compiling tinyvec v1.10.0
   Compiling wayland-cursor v0.31.12
   Compiling event-listener-strategy v0.5.4
   Compiling field-offset v0.3.6
   Compiling tiny-skia v0.11.4
   Compiling futures-lite v2.6.1
   Compiling http v1.4.0
   Compiling kurbo v0.13.0
   Compiling quote v1.0.44
   Compiling siphasher v1.0.2
   Compiling as-raw-xcb-connection v1.0.1
   Compiling base64 v0.22.1
   Compiling unicode-ccc v0.4.0
   Compiling wayland-protocols-wlr v0.3.10
   Compiling byteorder-lite v0.1.0
   Compiling unicode-script v0.5.8
   Compiling unicase v2.9.0
   Compiling linebender_resource_handle v0.1.1
   Compiling linux-raw-sys v0.4.15
   Compiling unicode-properties v0.1.4
   Compiling unicode-bidi-mirroring v0.4.0
   Compiling atomic-waker v1.1.2
   Compiling zune-core v0.5.1
   Compiling zune-jpeg v0.5.12
   Compiling rustybuzz v0.20.1
   Compiling fontique v0.7.0
   Compiling svgtypes v0.16.1
   Compiling generic-array v0.14.7
   Compiling parking_lot v0.12.5
   Compiling fontdb v0.23.0
   Compiling skrifa v0.37.0
   Compiling lyon_path v1.0.16
   Compiling calloop v0.14.4
   Compiling gethostname v1.1.0
   Compiling mio v1.1.1
   Compiling socket2 v0.6.2
   Compiling roxmltree v0.21.1
   Compiling simplecss v0.2.2
   Compiling quick-error v2.0.1
   Compiling color_quant v1.1.0
   Compiling data-url v0.3.2
   Compiling percent-encoding v2.3.2
   Compiling imagesize v0.14.0
   Compiling x11rb-protocol v0.13.2
   Compiling pico-args v0.5.0
   Compiling unicode-vo v0.1.0
   Compiling weezl v0.1.12
   Compiling unicode-width v0.2.2
   Compiling xmlwriter v0.1.0
   Compiling unicode-bidi v0.3.18
   Compiling pxfm v0.1.28
   Compiling usvg v0.46.0
   Compiling getopts v0.2.24
   Compiling gif v0.14.1
   Compiling moxcms v0.7.11
   Compiling pulldown-cmark v0.13.1
   Compiling swash v0.2.6
   Compiling image-webp v0.2.4
   Compiling x11rb v0.13.2
   Compiling tokio v1.49.0
   Compiling const-field-offset v0.1.5
   Compiling async-io v2.6.0
   Compiling syn v2.0.117
   Compiling calloop v0.13.0
   Compiling harfrust v0.3.2
   Compiling png v0.18.1
   Compiling rgb v0.8.53
   Compiling pulldown-cmark-escape v0.11.0
   Compiling foldhash v0.1.5
   Compiling iana-time-zone v0.1.65
   Compiling winnow v0.7.14
   Compiling stable_deref_trait v1.2.1
   Compiling async-task v4.7.1
   Compiling smithay-client-toolkit v0.20.0
   Compiling parley v0.7.0
   Compiling io-lifetimes v1.0.11
   Compiling drm-sys v0.8.1
   Compiling httparse v1.10.1
   Compiling smithay-client-toolkit v0.19.2
   Compiling zvariant_utils v3.3.0
   Compiling getrandom v0.3.4
   Compiling vtable v0.3.0
   Compiling chrono v0.4.44
   Compiling hashbrown v0.15.5
   Compiling pin-project v1.1.11
   Compiling libudev-sys v0.1.4
   Compiling resvg v0.46.0
   Compiling image v0.25.9
   Compiling calloop-wayland-source v0.3.0
   Compiling calloop-wayland-source v0.4.1
   Compiling lyon_algorithms v1.0.16
   Compiling lyon_extra v1.0.3
   Compiling i-slint-common v1.15.1
   Compiling wayland-protocols-misc v0.3.10
   Compiling wayland-protocols-experimental v20250721.0.1
   Compiling http-body v1.0.1
   Compiling async-channel v2.5.0
   Compiling derive_more v2.1.1
   Compiling strum v0.27.2
   Compiling enumflags2 v0.7.12
   Compiling clru v0.6.3
   Compiling owned_ttf_parser v0.25.1
   Compiling getrandom v0.2.17
   Compiling linux-raw-sys v0.9.4
   Compiling ab_glyph_rasterizer v0.1.10
   Compiling unicode-linebreak v0.1.5
   Compiling scoped-tls-hkt v0.1.5
   Compiling pin-weak v1.1.0
   Compiling sys-locale v0.3.2
   Compiling htmlparser v0.2.1
   Compiling endi v1.1.1
   Compiling unicode-segmentation v1.12.0
   Compiling ttf-parser v0.21.1
   Compiling input-sys v1.18.0
   Compiling i-slint-core v1.15.1
   Compiling zvariant v5.10.0
   Compiling fontdue v0.9.3
   Compiling drm-fourcc v2.2.0
   Compiling ab_glyph v0.2.32
   Compiling tiny-xlib v0.2.4
   Compiling x11-dl v2.21.0
   Compiling ahash v0.8.12
   Compiling rand_core v0.6.4
   Compiling async-signal v0.2.13
   Compiling block-buffer v0.10.4
   Compiling crypto-common v0.1.7
   Compiling piper v0.2.5
   Compiling async-lock v3.4.2
   Compiling ppv-lite86 v0.2.21
   Compiling integer-sqrt v0.1.5
   Compiling zeno v0.3.3
   Compiling tower-service v0.3.3
   Compiling raw-window-handle v0.6.2
   Compiling ctor-lite v0.1.2
   Compiling winit v0.30.13
   Compiling i-slint-renderer-software v1.15.1
   Compiling nix v0.30.1
   Compiling rand_chacha v0.3.1
   Compiling async-process v2.5.0
   Compiling sctk-adwaita v0.10.1
   Compiling smithay-clipboard v0.7.3
   Compiling blocking v1.6.2
   Compiling digest v0.10.7
   Compiling udev v0.9.3
   Compiling zbus_names v4.3.1
   Compiling drm-ffi v0.9.1
   Compiling async-executor v1.14.0
   Compiling x11-clipboard v0.9.3
   Compiling wayland-protocols-plasma v0.3.10
   Compiling async-broadcast v0.7.2
   Compiling futures-executor v0.3.32
   Compiling uuid v1.21.0
   Compiling xkbcommon-dl v0.4.2
   Compiling cpufeatures v0.2.17
   Compiling ordered-stream v0.2.0
   Compiling smol_str v0.2.2
   Compiling httpdate v1.0.3
   Compiling hex v0.4.3
   Compiling dpi v0.1.2
   Compiling mime v0.3.17
   Compiling tower-layer v0.3.3
   Compiling zbus v5.14.0
   Compiling sha1 v0.10.6
   Compiling i-slint-backend-winit v1.15.1
   Compiling futures v0.3.32
   Compiling copypasta v0.10.2
   Compiling input v0.9.1
   Compiling drm v0.14.2
   Compiling rand v0.8.5
   Compiling softbuffer v0.4.8
   Compiling http-body-util v0.1.3
   Compiling xkbcommon v0.9.0
   Compiling zmij v1.0.21
   Compiling pin-utils v0.1.0
   Compiling utf-8 v0.7.6
   Compiling sync_wrapper v1.0.2
   Compiling imgref v1.12.0
   Compiling data-encoding v2.10.0
   Compiling byteorder v1.5.0
   Compiling serde_json v1.0.149
   Compiling tungstenite v0.24.0
   Compiling i-slint-backend-linuxkms v1.15.1
   Compiling hyper v1.8.1
   Compiling polling v2.8.0
   Compiling i-slint-backend-selector v1.15.1
   Compiling mime_guess v2.0.5
   Compiling form_urlencoded v1.2.2
   Compiling spin v0.9.8
   Compiling ryu v1.0.23
   Compiling serde_urlencoded v0.7.1
   Compiling flume v0.11.1
   Compiling hyper-util v0.1.20
   Compiling tokio-tungstenite v0.24.0
   Compiling axum-core v0.4.5
   Compiling tower v0.5.3
   Compiling tokio-util v0.7.18
   Compiling serde_path_to_error v0.1.20
   Compiling socket2 v0.5.10
   Compiling if-addrs v0.10.2
   Compiling http-range-header v0.4.2
   Compiling matchit v0.7.3
   Compiling partystation v0.1.0 (/Users/trignomtry/dev/partystation)
   Compiling axum v0.7.9
   Compiling tower-http v0.5.2
   Compiling mdns-sd v0.10.5
   Compiling slint v1.15.1
    Finished `release` profile [optimized] target(s) in 2m 01s
